C:\USERS\경준\DESKTOP\TERMPROJECT(TEAM NO.7)\MFC_XML2\X64\DEBUG\.NETFRAMEWORK,VERSION=V4.0.ASSEMBLYATTRIBUTES.OBJ
C:\Users\경준\Desktop\TermProject(Team No.7)\mfc_xml2\x64\Debug\cl.command.1.tlog
C:\Users\경준\Desktop\TermProject(Team No.7)\mfc_xml2\x64\Debug\CL.read.1.tlog
C:\Users\경준\Desktop\TermProject(Team No.7)\mfc_xml2\x64\Debug\CL.write.1.tlog
C:\Users\경준\Desktop\TermProject(Team No.7)\mfc_xml2\x64\Debug\link.11240.read.1.tlog
C:\Users\경준\Desktop\TermProject(Team No.7)\mfc_xml2\x64\Debug\link.11240.write.1.tlog
C:\Users\경준\Desktop\TermProject(Team No.7)\mfc_xml2\x64\Debug\link.11240-cvtres.read.1.tlog
C:\Users\경준\Desktop\TermProject(Team No.7)\mfc_xml2\x64\Debug\link.11240-cvtres.write.1.tlog
C:\Users\경준\Desktop\TermProject(Team No.7)\mfc_xml2\x64\Debug\link.11972.read.1.tlog
C:\Users\경준\Desktop\TermProject(Team No.7)\mfc_xml2\x64\Debug\link.11972.write.1.tlog
C:\Users\경준\Desktop\TermProject(Team No.7)\mfc_xml2\x64\Debug\link.11972-cvtres.read.1.tlog
C:\Users\경준\Desktop\TermProject(Team No.7)\mfc_xml2\x64\Debug\link.11972-cvtres.write.1.tlog
C:\Users\경준\Desktop\TermProject(Team No.7)\mfc_xml2\x64\Debug\link.12432.read.1.tlog
C:\Users\경준\Desktop\TermProject(Team No.7)\mfc_xml2\x64\Debug\link.12432.write.1.tlog
C:\Users\경준\Desktop\TermProject(Team No.7)\mfc_xml2\x64\Debug\link.12432-cvtres.read.1.tlog
C:\Users\경준\Desktop\TermProject(Team No.7)\mfc_xml2\x64\Debug\link.12432-cvtres.write.1.tlog
C:\Users\경준\Desktop\TermProject(Team No.7)\mfc_xml2\x64\Debug\link.12476.read.1.tlog
C:\Users\경준\Desktop\TermProject(Team No.7)\mfc_xml2\x64\Debug\link.12476.write.1.tlog
C:\Users\경준\Desktop\TermProject(Team No.7)\mfc_xml2\x64\Debug\link.12476-cvtres.read.1.tlog
C:\Users\경준\Desktop\TermProject(Team No.7)\mfc_xml2\x64\Debug\link.12476-cvtres.write.1.tlog
C:\Users\경준\Desktop\TermProject(Team No.7)\mfc_xml2\x64\Debug\link.12584.read.1.tlog
C:\Users\경준\Desktop\TermProject(Team No.7)\mfc_xml2\x64\Debug\link.12584.write.1.tlog
C:\Users\경준\Desktop\TermProject(Team No.7)\mfc_xml2\x64\Debug\link.12584-cvtres.read.1.tlog
C:\Users\경준\Desktop\TermProject(Team No.7)\mfc_xml2\x64\Debug\link.12584-cvtres.write.1.tlog
C:\Users\경준\Desktop\TermProject(Team No.7)\mfc_xml2\x64\Debug\link.12664.read.1.tlog
C:\Users\경준\Desktop\TermProject(Team No.7)\mfc_xml2\x64\Debug\link.12664.write.1.tlog
C:\Users\경준\Desktop\TermProject(Team No.7)\mfc_xml2\x64\Debug\link.12664-cvtres.read.1.tlog
C:\Users\경준\Desktop\TermProject(Team No.7)\mfc_xml2\x64\Debug\link.12664-cvtres.write.1.tlog
C:\Users\경준\Desktop\TermProject(Team No.7)\mfc_xml2\x64\Debug\link.12804.read.1.tlog
C:\Users\경준\Desktop\TermProject(Team No.7)\mfc_xml2\x64\Debug\link.12804.write.1.tlog
C:\Users\경준\Desktop\TermProject(Team No.7)\mfc_xml2\x64\Debug\link.12804-cvtres.read.1.tlog
C:\Users\경준\Desktop\TermProject(Team No.7)\mfc_xml2\x64\Debug\link.12804-cvtres.write.1.tlog
C:\Users\경준\Desktop\TermProject(Team No.7)\mfc_xml2\x64\Debug\link.13388.read.1.tlog
C:\Users\경준\Desktop\TermProject(Team No.7)\mfc_xml2\x64\Debug\link.13388.write.1.tlog
C:\Users\경준\Desktop\TermProject(Team No.7)\mfc_xml2\x64\Debug\link.13388-cvtres.read.1.tlog
C:\Users\경준\Desktop\TermProject(Team No.7)\mfc_xml2\x64\Debug\link.13388-cvtres.write.1.tlog
C:\Users\경준\Desktop\TermProject(Team No.7)\mfc_xml2\x64\Debug\link.13792.read.1.tlog
C:\Users\경준\Desktop\TermProject(Team No.7)\mfc_xml2\x64\Debug\link.13792.write.1.tlog
C:\Users\경준\Desktop\TermProject(Team No.7)\mfc_xml2\x64\Debug\link.13792-cvtres.read.1.tlog
C:\Users\경준\Desktop\TermProject(Team No.7)\mfc_xml2\x64\Debug\link.13792-cvtres.write.1.tlog
C:\Users\경준\Desktop\TermProject(Team No.7)\mfc_xml2\x64\Debug\link.14124.read.1.tlog
C:\Users\경준\Desktop\TermProject(Team No.7)\mfc_xml2\x64\Debug\link.14124.write.1.tlog
C:\Users\경준\Desktop\TermProject(Team No.7)\mfc_xml2\x64\Debug\link.14124-cvtres.read.1.tlog
C:\Users\경준\Desktop\TermProject(Team No.7)\mfc_xml2\x64\Debug\link.14124-cvtres.write.1.tlog
C:\Users\경준\Desktop\TermProject(Team No.7)\mfc_xml2\x64\Debug\link.14484.read.1.tlog
C:\Users\경준\Desktop\TermProject(Team No.7)\mfc_xml2\x64\Debug\link.14484.write.1.tlog
C:\Users\경준\Desktop\TermProject(Team No.7)\mfc_xml2\x64\Debug\link.14484-cvtres.read.1.tlog
C:\Users\경준\Desktop\TermProject(Team No.7)\mfc_xml2\x64\Debug\link.14484-cvtres.write.1.tlog
C:\Users\경준\Desktop\TermProject(Team No.7)\mfc_xml2\x64\Debug\link.14580.read.1.tlog
C:\Users\경준\Desktop\TermProject(Team No.7)\mfc_xml2\x64\Debug\link.14580.write.1.tlog
C:\Users\경준\Desktop\TermProject(Team No.7)\mfc_xml2\x64\Debug\link.14580-cvtres.read.1.tlog
C:\Users\경준\Desktop\TermProject(Team No.7)\mfc_xml2\x64\Debug\link.14580-cvtres.write.1.tlog
C:\Users\경준\Desktop\TermProject(Team No.7)\mfc_xml2\x64\Debug\link.15028.read.1.tlog
C:\Users\경준\Desktop\TermProject(Team No.7)\mfc_xml2\x64\Debug\link.15028.write.1.tlog
C:\Users\경준\Desktop\TermProject(Team No.7)\mfc_xml2\x64\Debug\link.15028-cvtres.read.1.tlog
C:\Users\경준\Desktop\TermProject(Team No.7)\mfc_xml2\x64\Debug\link.15028-cvtres.write.1.tlog
C:\Users\경준\Desktop\TermProject(Team No.7)\mfc_xml2\x64\Debug\link.7196.read.1.tlog
C:\Users\경준\Desktop\TermProject(Team No.7)\mfc_xml2\x64\Debug\link.7196.write.1.tlog
C:\Users\경준\Desktop\TermProject(Team No.7)\mfc_xml2\x64\Debug\link.7196-cvtres.read.1.tlog
C:\Users\경준\Desktop\TermProject(Team No.7)\mfc_xml2\x64\Debug\link.7196-cvtres.write.1.tlog
C:\Users\경준\Desktop\TermProject(Team No.7)\mfc_xml2\x64\Debug\link.8100.read.1.tlog
C:\Users\경준\Desktop\TermProject(Team No.7)\mfc_xml2\x64\Debug\link.8100.write.1.tlog
C:\Users\경준\Desktop\TermProject(Team No.7)\mfc_xml2\x64\Debug\link.8100-cvtres.read.1.tlog
C:\Users\경준\Desktop\TermProject(Team No.7)\mfc_xml2\x64\Debug\link.8100-cvtres.write.1.tlog
C:\Users\경준\Desktop\TermProject(Team No.7)\mfc_xml2\x64\Debug\link.8640.read.1.tlog
C:\Users\경준\Desktop\TermProject(Team No.7)\mfc_xml2\x64\Debug\link.8640.write.1.tlog
C:\Users\경준\Desktop\TermProject(Team No.7)\mfc_xml2\x64\Debug\link.8640-cvtres.read.1.tlog
C:\Users\경준\Desktop\TermProject(Team No.7)\mfc_xml2\x64\Debug\link.8640-cvtres.write.1.tlog
C:\Users\경준\Desktop\TermProject(Team No.7)\mfc_xml2\x64\Debug\link.command.1.tlog
C:\Users\경준\Desktop\TermProject(Team No.7)\mfc_xml2\x64\Debug\link.read.1.tlog
C:\Users\경준\Desktop\TermProject(Team No.7)\mfc_xml2\x64\Debug\link.write.1.tlog
C:\Users\경준\Desktop\TermProject(Team No.7)\mfc_xml2\x64\Debug\metagen.read.1.tlog
C:\Users\경준\Desktop\TermProject(Team No.7)\mfc_xml2\x64\Debug\metagen.write.1.tlog
C:\USERS\경준\DESKTOP\TERMPROJECT(TEAM NO.7)\MFC_XML2\X64\DEBUG\MFC_XML2.EXE.INTERMEDIATE.MANIFEST
C:\USERS\경준\DESKTOP\TERMPROJECT(TEAM NO.7)\MFC_XML2\X64\DEBUG\MFC_XML2.OBJ
C:\USERS\경준\DESKTOP\TERMPROJECT(TEAM NO.7)\MFC_XML2\X64\DEBUG\MFC_XML2.PCH
C:\USERS\경준\DESKTOP\TERMPROJECT(TEAM NO.7)\MFC_XML2\X64\DEBUG\MFC_XML2.RES
C:\Users\경준\Desktop\TermProject(Team No.7)\mfc_xml2\x64\Debug\mfc_xml2.vcxprojResolveAssemblyReference.cache
C:\Users\경준\Desktop\TermProject(Team No.7)\mfc_xml2\x64\Debug\mfc_xml2.write.1.tlog
C:\USERS\경준\DESKTOP\TERMPROJECT(TEAM NO.7)\MFC_XML2\X64\DEBUG\MFC_XML2DLG.OBJ
C:\Users\경준\Desktop\TermProject(Team No.7)\mfc_xml2\x64\Debug\mt.command.1.tlog
C:\Users\경준\Desktop\TermProject(Team No.7)\mfc_xml2\x64\Debug\mt.read.1.tlog
C:\Users\경준\Desktop\TermProject(Team No.7)\mfc_xml2\x64\Debug\mt.write.1.tlog
C:\Users\경준\Desktop\TermProject(Team No.7)\mfc_xml2\x64\Debug\rc.command.1.tlog
C:\Users\경준\Desktop\TermProject(Team No.7)\mfc_xml2\x64\Debug\rc.read.1.tlog
C:\Users\경준\Desktop\TermProject(Team No.7)\mfc_xml2\x64\Debug\rc.write.1.tlog
C:\USERS\경준\DESKTOP\TERMPROJECT(TEAM NO.7)\MFC_XML2\X64\DEBUG\STDAFX.OBJ
C:\Users\경준\Desktop\TermProject(Team No.7)\mfc_xml2\x64\Debug\TZRES.DLL.bi
C:\USERS\경준\DESKTOP\TERMPROJECT(TEAM NO.7)\MFC_XML2\X64\DEBUG\VC100.PDB
C:\USERS\경준\DESKTOP\TERMPROJECT(TEAM NO.7)\MFC_XML2\X64\DEBUG\WEB.OBJ
C:\USERS\경준\DESKTOP\TERMPROJECT(TEAM NO.7)\MFC_XML2\X64\DEBUG\WEBBORWERDLG.OBJ
C:\USERS\경준\DESKTOP\TERMPROJECT(TEAM NO.7)\X64\DEBUG\MFC_XML2.EXE
C:\USERS\경준\DESKTOP\TERMPROJECT(TEAM NO.7)\X64\DEBUG\MFC_XML2.ILK
C:\USERS\경준\DESKTOP\TERMPROJECT(TEAM NO.7)\X64\DEBUG\MFC_XML2.PDB
